d:\tienji\20180618_tip_useaq_github\20180618_tip_useaq_github\x64\release\vc140.pdb
d:\tienji\20180618_tip_useaq_github\20180618_tip_useaq_github\x64\release\useaqsuperpixel_tip.obj
d:\tienji\20180618_tip_useaq_github\20180618_tip_useaq_github\x64\release\useaq.obj
d:\tienji\20180618_tip_useaq_github\20180618_tip_useaq_github\x64\release\stdafx.obj
d:\tienji\20180618_tip_useaq_github\x64\release\20180618_tip_useaq_github.exe
d:\tienji\20180618_tip_useaq_github\x64\release\20180618_tip_useaq_github.ipdb
d:\tienji\20180618_tip_useaq_github\x64\release\20180618_tip_useaq_github.iobj
d:\tienji\20180618_tip_useaq_github\x64\release\20180618_tip_useaq_github.pdb
e:\tienji\20180618_tip_useaq_github\20180618_tip_useaq_github\x64\release\stdafx.obj
e:\tienji\20180618_tip_useaq_github\20180618_tip_useaq_github\x64\release\useaq.obj
e:\tienji\20180618_tip_useaq_github\20180618_tip_useaq_github\x64\release\useaqsuperpixel_tip.obj
e:\tienji\20180618_tip_useaq_github\20180618_tip_useaq_github\x64\release\vc140.pdb
e:\tienji\20180618_tip_useaq_github\x64\release\20180618_tip_useaq_github.pdb
e:\tienji\20180618_tip_useaq_github\x64\release\20180618_tip_useaq_github.exe
e:\tienji\20180618_tip_useaq_github\20180618_tip_useaq_github\x64\release\20180618.e86975e8.tlog\cl.command.1.tlog
e:\tienji\20180618_tip_useaq_github\20180618_tip_useaq_github\x64\release\20180618.e86975e8.tlog\cl.read.1.tlog
e:\tienji\20180618_tip_useaq_github\20180618_tip_useaq_github\x64\release\20180618.e86975e8.tlog\cl.write.1.tlog
e:\tienji\20180618_tip_useaq_github\20180618_tip_useaq_github\x64\release\20180618.e86975e8.tlog\link.command.1.tlog
e:\tienji\20180618_tip_useaq_github\20180618_tip_useaq_github\x64\release\20180618.e86975e8.tlog\link.read.1.tlog
e:\tienji\20180618_tip_useaq_github\20180618_tip_useaq_github\x64\release\20180618.e86975e8.tlog\link.write.1.tlog
